wiki/handlers.go:7:	viewWikiPage		55.6%
wiki/handlers.go:28:	editWikiPage		50.0%
wiki/handlers.go:41:	saveWikiPage		66.7%
wiki/handlers.go:51:	createWikiPage		66.7%
wiki/handlers.go:58:	storeWikiPage		85.7%
wiki/handlers.go:69:	allWikiPages		77.8%
wiki/handlers.go:93:	deleteWikiPage		75.0%
wiki/handlers.go:101:	login			100.0%
wiki/handlers.go:113:	loginScreen		100.0%
wiki/handlers.go:117:	logout			0.0%
wiki/middleware.go:6:	validatePath		66.7%
wiki/middleware.go:18:	requireAdmin		100.0%
wiki/middleware.go:33:	isAdmin			83.3%
wiki/middleware.go:48:	isAdminAndValidatePath	70.0%
wiki/page.go:17:	save			100.0%
wiki/page.go:22:	loadPage		100.0%
wiki/page.go:31:	deletePage		100.0%
wiki/page.go:39:	loadAllPages		82.4%
wiki/wiki.go:19:	setupServer		100.0%
wiki/wiki.go:35:	main			0.0%
total:			(statements)		76.2%
